emu.c: In function ‘main’:
emu.c:18:53: warning: implicit declaration of function ‘strerror’; did you mean ‘perror’? [-Wimplicit-function-declaration]
   18 |         Assert(cond, format ": %s", ## __VA_ARGS__, strerror(errno))
      |                                                     ^~~~~~~~
emu.c:11:57: note: in definition of macro ‘Assert’
   11 |                         fprintf(stderr, format "\n", ## __VA_ARGS__); \
      |                                                         ^~~~~~~~~~~
emu.c:59:9: note: in expansion of macro ‘Perror’
   59 |         Perror(fp != NULL, "Fail to open %s", argv[1]);
      |         ^~~~~~
emu.c:59:28: warning: format ‘%s’ expects argument of type ‘char *’, but argument 4 has type ‘int’ [-Wformat=]
   59 |         Perror(fp != NULL, "Fail to open %s", argv[1]);
      |                            ^~~~~~~~~~~~~~~~~
emu.c:11:41: note: in definition of macro ‘Assert’
   11 |                         fprintf(stderr, format "\n", ## __VA_ARGS__); \
      |                                         ^~~~~~
emu.c:59:9: note: in expansion of macro ‘Perror’
   59 |         Perror(fp != NULL, "Fail to open %s", argv[1]);
      |         ^~~~~~
emu.c:61:27: warning: format ‘%s’ expects argument of type ‘char *’, but argument 3 has type ‘int’ [-Wformat=]
   61 |         Perror(ret != -1, "Fseek fail");
      |                           ^~~~~~~~~~~~
emu.c:11:41: note: in definition of macro ‘Assert’
   11 |                         fprintf(stderr, format "\n", ## __VA_ARGS__); \
      |                                         ^~~~~~
emu.c:61:9: note: in expansion of macro ‘Perror’
   61 |         Perror(ret != -1, "Fseek fail");
      |         ^~~~~~
emu.c:63:29: warning: format ‘%s’ expects argument of type ‘char *’, but argument 3 has type ‘int’ [-Wformat=]
   63 |         Perror(fsize != -1, "Ftell fail");
      |                             ^~~~~~~~~~~~
emu.c:11:41: note: in definition of macro ‘Assert’
   11 |                         fprintf(stderr, format "\n", ## __VA_ARGS__); \
      |                                         ^~~~~~
emu.c:63:9: note: in expansion of macro ‘Perror’
   63 |         Perror(fsize != -1, "Ftell fail");
      |         ^~~~~~
