execve("./simple", ["./simple"], 0x7fff0f6adc50 /* 106 vars */) = 0
brk(NULL)                               = 0x558d6fc8c000
arch_prctl(0x3001 /* ARCH_??? */, 0x7ffd4a60b970) = -1 EINVAL (Invalid argument)
mmap(NULL, 8192, PROT_READ|PROT_WRITE, MAP_PRIVATE|MAP_ANONYMOUS, -1, 0) = 0x7fcb7ce54000
access("/etc/ld.so.preload", R_OK)      = -1 ENOENT (No such file or directory)
openat(AT_FDCWD, "/home/lexer/.wasmedge/lib/glibc-hwcaps/x86-64-v3/libc.so.6", O_RDONLY|O_CLOEXEC) = -1 ENOENT (No such file or directory)
newfstatat(AT_FDCWD, "/home/lexer/.wasmedge/lib/glibc-hwcaps/x86-64-v3", 0x7ffd4a60ab90, 0) = -1 ENOENT (No such file or directory)
openat(AT_FDCWD, "/home/lexer/.wasmedge/lib/glibc-hwcaps/x86-64-v2/libc.so.6", O_RDONLY|O_CLOEXEC) = -1 ENOENT (No such file or directory)
newfstatat(AT_FDCWD, "/home/lexer/.wasmedge/lib/glibc-hwcaps/x86-64-v2", 0x7ffd4a60ab90, 0) = -1 ENOENT (No such file or directory)
openat(AT_FDCWD, "/home/lexer/.wasmedge/lib/tls/haswell/x86_64/libc.so.6", O_RDONLY|O_CLOEXEC) = -1 ENOENT (No such file or directory)
newfstatat(AT_FDCWD, "/home/lexer/.wasmedge/lib/tls/haswell/x86_64", 0x7ffd4a60ab90, 0) = -1 ENOENT (No such file or directory)
openat(AT_FDCWD, "/home/lexer/.wasmedge/lib/tls/haswell/libc.so.6", O_RDONLY|O_CLOEXEC) = -1 ENOENT (No such file or directory)
newfstatat(AT_FDCWD, "/home/lexer/.wasmedge/lib/tls/haswell", 0x7ffd4a60ab90, 0) = -1 ENOENT (No such file or directory)
openat(AT_FDCWD, "/home/lexer/.wasmedge/lib/tls/x86_64/libc.so.6", O_RDONLY|O_CLOEXEC) = -1 ENOENT (No such file or directory)
newfstatat(AT_FDCWD, "/home/lexer/.wasmedge/lib/tls/x86_64", 0x7ffd4a60ab90, 0) = -1 ENOENT (No such file or directory)
openat(AT_FDCWD, "/home/lexer/.wasmedge/lib/tls/libc.so.6", O_RDONLY|O_CLOEXEC) = -1 ENOENT (No such file or directory)
newfstatat(AT_FDCWD, "/home/lexer/.wasmedge/lib/tls", 0x7ffd4a60ab90, 0) = -1 ENOENT (No such file or directory)
openat(AT_FDCWD, "/home/lexer/.wasmedge/lib/haswell/x86_64/libc.so.6", O_RDONLY|O_CLOEXEC) = -1 ENOENT (No such file or directory)
newfstatat(AT_FDCWD, "/home/lexer/.wasmedge/lib/haswell/x86_64", 0x7ffd4a60ab90, 0) = -1 ENOENT (No such file or directory)
openat(AT_FDCWD, "/home/lexer/.wasmedge/lib/haswell/libc.so.6", O_RDONLY|O_CLOEXEC) = -1 ENOENT (No such file or directory)
newfstatat(AT_FDCWD, "/home/lexer/.wasmedge/lib/haswell", 0x7ffd4a60ab90, 0) = -1 ENOENT (No such file or directory)
openat(AT_FDCWD, "/home/lexer/.wasmedge/lib/x86_64/libc.so.6", O_RDONLY|O_CLOEXEC) = -1 ENOENT (No such file or directory)
newfstatat(AT_FDCWD, "/home/lexer/.wasmedge/lib/x86_64", 0x7ffd4a60ab90, 0) = -1 ENOENT (No such file or directory)
openat(AT_FDCWD, "/home/lexer/.wasmedge/lib/libc.so.6", O_RDONLY|O_CLOEXEC) = -1 ENOENT (No such file or directory)
newfstatat(AT_FDCWD, "/home/lexer/.wasmedge/lib", {st_mode=S_IFDIR|0755, st_size=4096, ...}, 0) = 0
openat(AT_FDCWD, "/etc/ld.so.cache", O_RDONLY|O_CLOEXEC) = 3
newfstatat(3, "", {st_mode=S_IFREG|0644, st_size=67603, ...}, AT_EMPTY_PATH) = 0
mmap(NULL, 67603, PROT_READ, MAP_PRIVATE, 3, 0) = 0x7fcb7ce43000
close(3)                                = 0
openat(AT_FDCWD, "/lib/x86_64-linux-gnu/libc.so.6", O_RDONLY|O_CLOEXEC) = 3
read(3, "\177ELF\2\1\1\3\0\0\0\0\0\0\0\0\3\0>\0\1\0\0\0P\237\2\0\0\0\0\0"..., 832) = 832
pread64(3, "\6\0\0\0\4\0\0\0@\0\0\0\0\0\0\0@\0\0\0\0\0\0\0@\0\0\0\0\0\0\0"..., 784, 64) = 784
pread64(3, "\4\0\0\0 \0\0\0\5\0\0\0GNU\0\2\0\0\300\4\0\0\0\3\0\0\0\0\0\0\0"..., 48, 848) = 48
pread64(3, "\4\0\0\0\24\0\0\0\3\0\0\0GNU\0\226 \25\252\235\23<l\274\3731\3540\5\226\327"..., 68, 896) = 68
newfstatat(3, "", {st_mode=S_IFREG|0755, st_size=2220400, ...}, AT_EMPTY_PATH) = 0
pread64(3, "\6\0\0\0\4\0\0\0@\0\0\0\0\0\0\0@\0\0\0\0\0\0\0@\0\0\0\0\0\0\0"..., 784, 64) = 784
mmap(NULL, 2264656, PROT_READ, MAP_PRIVATE|MAP_DENYWRITE, 3, 0) = 0x7fcb7cc1a000
mprotect(0x7fcb7cc42000, 2023424, PROT_NONE) = 0
mmap(0x7fcb7cc42000, 1658880, PROT_READ|PROT_EXEC, MAP_PRIVATE|MAP_FIXED|MAP_DENYWRITE, 3, 0x28000) = 0x7fcb7cc42000
mmap(0x7fcb7cdd7000, 360448, PROT_READ, MAP_PRIVATE|MAP_FIXED|MAP_DENYWRITE, 3, 0x1bd000) = 0x7fcb7cdd7000
mmap(0x7fcb7ce30000, 24576, PROT_READ|PROT_WRITE, MAP_PRIVATE|MAP_FIXED|MAP_DENYWRITE, 3, 0x215000) = 0x7fcb7ce30000
mmap(0x7fcb7ce36000, 52816, PROT_READ|PROT_WRITE, MAP_PRIVATE|MAP_FIXED|MAP_ANONYMOUS, -1, 0) = 0x7fcb7ce36000
close(3)                                = 0
mmap(NULL, 12288, PROT_READ|PROT_WRITE, MAP_PRIVATE|MAP_ANONYMOUS, -1, 0) = 0x7fcb7cc17000
arch_prctl(ARCH_SET_FS, 0x7fcb7cc17740) = 0
set_tid_address(0x7fcb7cc17a10)         = 20426
set_robust_list(0x7fcb7cc17a20, 24)     = 0
rseq(0x7fcb7cc180e0, 0x20, 0, 0x53053053) = 0
mprotect(0x7fcb7ce30000, 16384, PROT_READ) = 0
mprotect(0x558d6f81a000, 4096, PROT_READ) = 0
mprotect(0x7fcb7ce8e000, 8192, PROT_READ) = 0
prlimit64(0, RLIMIT_STACK, NULL, {rlim_cur=8192*1024, rlim_max=RLIM64_INFINITY}) = 0
munmap(0x7fcb7ce43000, 67603)           = 0
exit_group(0)                           = ?
+++ exited with 0 +++
