==109516== Memcheck, a memory error detector
==109516== Copyright (C) 2002-2017, and GNU GPL'd, by Julian Seward et al.
==109516== Using Valgrind-3.18.1 and LibVEX; rerun with -h for copyright info
==109516== Command: ./ex9
==109516== 
==109516== Conditional jump or move depends on uninitialised value(s)
==109516==    at 0x48F8E1D: _IO_file_overflow@@GLIBC_2.2.5 (fileops.c:782)
==109516==    by 0x48E33DB: __vfprintf_internal (vfprintf-internal.c:1517)
==109516==    by 0x48CC79E: printf (printf.c:33)
==109516==    by 0x1091FB: main (ex9.c:13)
==109516== 
==109516== Syscall param write(buf) points to uninitialised byte(s)
==109516==    at 0x4980887: write (write.c:26)
==109516==    by 0x48F6EEC: _IO_file_write@@GLIBC_2.2.5 (fileops.c:1180)
==109516==    by 0x48F89E0: new_do_write (fileops.c:448)
==109516==    by 0x48F89E0: _IO_new_do_write (fileops.c:425)
==109516==    by 0x48F89E0: _IO_do_write@@GLIBC_2.2.5 (fileops.c:422)
==109516==    by 0x48F76D4: _IO_new_file_xsputn (fileops.c:1243)
==109516==    by 0x48F76D4: _IO_file_xsputn@@GLIBC_2.2.5 (fileops.c:1196)
==109516==    by 0x48E1FC9: outstring_func (vfprintf-internal.c:239)
==109516==    by 0x48E1FC9: __vfprintf_internal (vfprintf-internal.c:1593)
==109516==    by 0x48CC79E: printf (printf.c:33)
==109516==    by 0x1091FB: main (ex9.c:13)
==109516==  Address 0x4a9804b is 11 bytes inside a block of size 1,024 alloc'd
==109516==    at 0x4848899: malloc (in /usr/libexec/valgrind/vgpreload_memcheck-amd64-linux.so)
==109516==    by 0x48EABA3: _IO_file_doallocate (filedoalloc.c:101)
==109516==    by 0x48F9CDF: _IO_doallocbuf (genops.c:347)
==109516==    by 0x48F8F5F: _IO_file_overflow@@GLIBC_2.2.5 (fileops.c:744)
==109516==    by 0x48F76D4: _IO_new_file_xsputn (fileops.c:1243)
==109516==    by 0x48F76D4: _IO_file_xsputn@@GLIBC_2.2.5 (fileops.c:1196)
==109516==    by 0x48E114C: outstring_func (vfprintf-internal.c:239)
==109516==    by 0x48E114C: __vfprintf_internal (vfprintf-internal.c:1263)
==109516==    by 0x48CC79E: printf (printf.c:33)
==109516==    by 0x1091C6: main (ex9.c:9)
==109516== 
==109516== Conditional jump or move depends on uninitialised value(s)
==109516==    at 0x484ED19: strlen (in /usr/libexec/valgrind/vgpreload_memcheck-amd64-linux.so)
==109516==    by 0x48E2D30: __vfprintf_internal (vfprintf-internal.c:1517)
==109516==    by 0x48CC79E: printf (printf.c:33)
==109516==    by 0x109216: main (ex9.c:17)
==109516== 
==109516== 
==109516== HEAP SUMMARY:
==109516==     in use at exit: 0 bytes in 0 blocks
==109516==   total heap usage: 1 allocs, 1 frees, 1,024 bytes allocated
==109516== 
==109516== All heap blocks were freed -- no leaks are possible
==109516== 
==109516== Use --track-origins=yes to see where uninitialised values come from
==109516== For lists of detected and suppressed errors, rerun with: -s
==109516== ERROR SUMMARY: 6 errors from 3 contexts (suppressed: 0 from 0)
